<?xml version="1.0" encoding="UTF-8"?>
<!-- Generated by org.testng.reporters.JUnitXMLReporter -->
<testsuite ignored="0" hostname="inlen8520023665" failures="0" tests="0" time="0.057" errors="0" timestamp="2022-12-23T16:17:49 IST">
  <testcase classname="com.qa.BaseTest" name="@BeforeTest beforeTest" time="-1.671792469858E9">
    <failure type="org.testng.TestNGException" message="
Parameter &amp;apos;platformName&amp;apos; is required by BeforeTest on method beforeTest but has not been marked @Optional or defined
">
      <![CDATA[org.testng.TestNGException: 
Parameter 'platformName' is required by BeforeTest on method beforeTest but has not been marked @Optional or defined

... Removed 31 stack frames]]>
    </failure>
  </testcase> <!-- @BeforeTest beforeTest -->
  <testcase classname="com.qa.BaseTest" name="@AfterTest afterTest" time="0.0">
    <skipped/>
  </testcase> <!-- @AfterTest afterTest -->
</testsuite>
