<?xml version="1.0" encoding="UTF-8"?>
<!-- Generated by org.testng.reporters.JUnitXMLReporter -->
<testsuite ignored="0" hostname="inlen8520023665" failures="0" tests="2" name="Default test" time="0.089" errors="0" timestamp="2022-12-22T10:01:41 IST">
  <testcase classname="com.qa.BaseTest" name="@BeforeTest beforeTest" time="-1.671683501079E9">
    <failure type="org.testng.TestNGException" message="
Parameter &amp;apos;emulator&amp;apos; is required by BeforeTest on method beforeTest but has not been marked @Optional or defined
in C:\Users\priyamps\AppData\Local\Temp\testng-eclipse--664697958\testng-customsuite.xml">
      <![CDATA[org.testng.TestNGException: 
Parameter 'emulator' is required by BeforeTest on method beforeTest but has not been marked @Optional or defined
in C:\Users\priyamps\AppData\Local\Temp\testng-eclipse--664697958\testng-customsuite.xml
at org.testng.internal.Parameters.createParams(Parameters.java:270)
at org.testng.internal.Parameters.createParametersForMethod(Parameters.java:358)
at org.testng.internal.Parameters.createParameters(Parameters.java:700)
at org.testng.internal.Parameters.createConfigurationParameters(Parameters.java:168)
at org.testng.internal.ConfigInvoker.invokeConfigurations(ConfigInvoker.java:302)
at org.testng.TestRunner.invokeTestConfigurations(TestRunner.java:637)
at org.testng.TestRunner.beforeRun(TestRunner.java:627)
at org.testng.TestRunner.run(TestRunner.java:589)
at org.testng.SuiteRunner.runTest(SuiteRunner.java:377)
at org.testng.SuiteRunner.runSequentially(SuiteRunner.java:371)
at org.testng.SuiteRunner.privateRun(SuiteRunner.java:332)
at org.testng.SuiteRunner.run(SuiteRunner.java:276)
at org.testng.SuiteRunnerWorker.runSuite(SuiteRunnerWorker.java:53)
at org.testng.SuiteRunnerWorker.run(SuiteRunnerWorker.java:96)
at org.testng.TestNG.runSuitesSequentially(TestNG.java:1212)
at org.testng.TestNG.runSuitesLocally(TestNG.java:1134)
at org.testng.TestNG.runSuites(TestNG.java:1063)
at org.testng.TestNG.run(TestNG.java:1031)
at org.testng.remote.AbstractRemoteTestNG.run(AbstractRemoteTestNG.java:115)
at org.testng.remote.RemoteTestNG.initAndRun(RemoteTestNG.java:251)
at org.testng.remote.RemoteTestNG.main(RemoteTestNG.java:77)
]]>
    </failure>
  </testcase> <!-- @BeforeTest beforeTest -->
  <testcase classname="com.qa.tests.ProductTests2" name="@BeforeClass beforeClass" time="-1.671683501113E9">
    <skipped/>
  </testcase> <!-- @BeforeClass beforeClass -->
  <testcase classname="com.qa.tests.ProductTests2" name="@BeforeMethod beforeMethod" time="-1.671683501132E9">
    <skipped/>
  </testcase> <!-- @BeforeMethod beforeMethod -->
  <testcase classname="com.qa.tests.ProductTests2" name="@AfterMethod afterMethod" time="-1.67168350114E9">
    <skipped/>
  </testcase> <!-- @AfterMethod afterMethod -->
  <testcase classname="com.qa.tests.ProductTests2" name="@BeforeMethod beforeMethod" time="-1.671683501143E9">
    <skipped/>
  </testcase> <!-- @BeforeMethod beforeMethod -->
  <testcase classname="com.qa.tests.ProductTests2" name="@AfterMethod afterMethod" time="-1.671683501147E9">
    <skipped/>
  </testcase> <!-- @AfterMethod afterMethod -->
  <testcase classname="com.qa.tests.ProductTests2" name="@AfterClass afterClass" time="-1.671683501149E9">
    <skipped/>
  </testcase> <!-- @AfterClass afterClass -->
  <testcase classname="com.qa.BaseTest" name="@AfterTest afterTest" time="-1.671683501153E9">
    <skipped/>
  </testcase> <!-- @AfterTest afterTest -->
  <testcase classname="com.qa.tests.ProductTests2" name="validateProductOnProductDetailsPage" time="0.0">
    <skipped/>
  </testcase> <!-- validateProductOnProductDetailsPage -->
  <testcase classname="com.qa.tests.ProductTests2" name="validateProductOnProductsPage" time="0.0">
    <skipped/>
  </testcase> <!-- validateProductOnProductsPage -->
</testsuite> <!-- Default test -->
